<?xml version="1.0" encoding="UTF-8"?>
<!-- Generated by org.testng.reporters.JUnitReportReporter -->
<testsuite hostname="mnews126" failures="0" tests="1" name="WebTesting.ProfileInfoTest" time="5.260" errors="0" timestamp="2024-04-14T19:13:22 EEST" skipped="0">
  <testcase classname="WebTesting.ProfileInfoTest" name="testProfileInfo" time="5.260"/>
  <system-out/>
</testsuite> <!-- WebTesting.ProfileInfoTest -->
